<?xml version="1.0" encoding="UTF-8"?>
<!-- Generated by org.testng.reporters.JUnitXMLReporter -->
<testsuite ignored="0" hostname="Manoj" failures="0" tests="4" name="TestN" time="33.503" errors="0" timestamp="2023-06-21T23:33:06 EDT">
  <testcase classname="testLayer.LoginTest" name="Title" time="0.02"/>
  <testcase classname="testLayer.LoginTest" name="login" time="3.204"/>
  <testcase classname="testLayer.LoginTest" name="login" time="3.323"/>
  <testcase classname="testLayer.LoginTest" name="login" time="4.112"/>
</testsuite> <!-- TestN -->
