<?xml version="1.0" encoding="UTF-8"?>
<!-- Generated by org.testng.reporters.JUnitXMLReporter -->
<testsuite ignored="0" hostname="Manoj" failures="0" tests="4" name="Default test" time="32.831" errors="0" timestamp="2023-06-21T23:26:46 EDT">
  <testcase classname="testLayer.LoginTest" name="Title" time="0.018"/>
  <testcase classname="testLayer.LoginTest" name="login" time="3.225"/>
  <testcase classname="testLayer.LoginTest" name="login" time="3.498"/>
  <testcase classname="testLayer.LoginTest" name="login" time="3.344"/>
</testsuite> <!-- Default test -->
