<?xml version="1.0" encoding="UTF-8"?>
<testng-results ignored="0" total="4" passed="4" failed="0" skipped="0">
  <reporter-output>
  </reporter-output>
  <suite started-at="2023-06-21T23:32:32 EDT" name="OrangeHRM" finished-at="2023-06-21T23:33:06 EDT" duration-ms="33503">
    <groups>
    </groups>
    <test started-at="2023-06-21T23:32:32 EDT" name="TestN" finished-at="2023-06-21T23:33:06 EDT" duration-ms="33503">
      <class name="testLayer.LoginTest">
        <test-method is-config="true" signature="initsetup()[pri:0, instance:testLayer.LoginTest@5656be13]" started-at="2023-06-21T23:32:32 EDT" name="initsetup" finished-at="2023-06-21T23:32:38 EDT" duration-ms="5447" status="PASS">
          <reporter-output>
          </reporter-output>
        </test-method> <!-- initsetup -->
        <test-method signature="Title()[pri:1, instance:testLayer.LoginTest@5656be13]" started-at="2023-06-21T23:32:38 EDT" name="Title" finished-at="2023-06-21T23:32:38 EDT" duration-ms="20" status="PASS">
          <reporter-output>
          </reporter-output>
        </test-method> <!-- Title -->
        <test-method is-config="true" signature="initsetup()[pri:0, instance:testLayer.LoginTest@5656be13]" started-at="2023-06-21T23:32:39 EDT" name="initsetup" finished-at="2023-06-21T23:32:43 EDT" duration-ms="4518" status="PASS">
          <reporter-output>
          </reporter-output>
        </test-method> <!-- initsetup -->
        <test-method signature="login(java.lang.String,java.lang.String)[pri:2, instance:testLayer.LoginTest@5656be13]" started-at="2023-06-21T23:32:43 EDT" name="login" data-provider="Details" finished-at="2023-06-21T23:32:46 EDT" duration-ms="3204" status="PASS">
          <params>
            <param index="0">
              <value>
                <![CDATA[Admin]]>
              </value>
            </param>
            <param index="1">
              <value>
                <![CDATA[admin123]]>
              </value>
            </param>
          </params>
          <reporter-output>
          </reporter-output>
        </test-method> <!-- login -->
        <test-method is-config="true" signature="initsetup()[pri:0, instance:testLayer.LoginTest@5656be13]" started-at="2023-06-21T23:32:46 EDT" name="initsetup" finished-at="2023-06-21T23:32:51 EDT" duration-ms="4411" status="PASS">
          <reporter-output>
          </reporter-output>
        </test-method> <!-- initsetup -->
        <test-method signature="login(java.lang.String,java.lang.String)[pri:2, instance:testLayer.LoginTest@5656be13]" started-at="2023-06-21T23:32:51 EDT" name="login" data-provider="Details" finished-at="2023-06-21T23:32:54 EDT" duration-ms="3323" status="PASS">
          <params>
            <param index="0">
              <value>
                <![CDATA[Admin]]>
              </value>
            </param>
            <param index="1">
              <value>
                <![CDATA[abcd]]>
              </value>
            </param>
          </params>
          <reporter-output>
          </reporter-output>
        </test-method> <!-- login -->
        <test-method is-config="true" signature="initsetup()[pri:0, instance:testLayer.LoginTest@5656be13]" started-at="2023-06-21T23:32:54 EDT" name="initsetup" finished-at="2023-06-21T23:33:02 EDT" duration-ms="7485" status="PASS">
          <reporter-output>
          </reporter-output>
        </test-method> <!-- initsetup -->
        <test-method signature="login(java.lang.String,java.lang.String)[pri:2, instance:testLayer.LoginTest@5656be13]" started-at="2023-06-21T23:33:02 EDT" name="login" data-provider="Details" finished-at="2023-06-21T23:33:06 EDT" duration-ms="4112" status="PASS">
          <params>
            <param index="0">
              <value>
                <![CDATA[scott]]>
              </value>
            </param>
            <param index="1">
              <value>
                <![CDATA[xyz]]>
              </value>
            </param>
          </params>
          <reporter-output>
          </reporter-output>
        </test-method> <!-- login -->
      </class> <!-- testLayer.LoginTest -->
    </test> <!-- TestN -->
  </suite> <!-- OrangeHRM -->
</testng-results>
